05-14 08:09:34.954  specialinvoke $r0.<android.app.Activity: void <init>()>()
05-14 08:09:34.954  specialinvoke $r0.<android.app.Activity: void onCreate(android.os.Bundle)>($r1)
05-14 08:09:34.954  virtualinvoke $r0.<jf.andro.malcon15demo.MainActivity: void setContentView(int)>(2130968576)
05-14 08:09:34.994  specialinvoke $r4.<jf.andro.malcon15demo.MainActivity$1: void <init>(jf.andro.malcon15demo.MainActivity)>($r0)
05-14 08:09:35.002  specialinvoke $r0.<java.lang.Object: void <init>()>()
05-14 08:09:35.002  virtualinvoke $r3.<android.widget.Button: void setOnClickListener(android.view.View$OnClickListener)>($r4)
05-14 08:09:35.002  specialinvoke $r5.<jf.andro.malcon15demo.MainActivity$2: void <init>(jf.andro.malcon15demo.MainActivity)>($r0)
05-14 08:09:35.002  specialinvoke $r0.<java.lang.Object: void <init>()>()
05-14 08:09:35.002  virtualinvoke $r3.<android.widget.Button: void setOnClickListener(android.view.View$OnClickListener)>($r5)
05-14 08:09:40.138  specialinvoke $r2.<android.content.Intent: void <init>(android.content.Context,java.lang.Class)>($r3, class "jf/andro/malcon15demo/Screen2")
05-14 08:09:40.138  virtualinvoke $r4.<jf.andro.malcon15demo.MainActivity: void startActivity(android.content.Intent)>($r2)
05-14 08:09:40.162  specialinvoke $r0.<android.app.Activity: void <init>()>()
05-14 08:09:40.162  specialinvoke $r0.<android.app.Activity: void onCreate(android.os.Bundle)>($r1)
05-14 08:09:40.162  virtualinvoke $r0.<jf.andro.malcon15demo.Screen2: void setContentView(int)>(2130968577)
05-14 08:09:40.178  specialinvoke $r4.<jf.andro.malcon15demo.Screen2$1: void <init>(jf.andro.malcon15demo.Screen2)>($r0)
05-14 08:09:40.178  specialinvoke $r0.<java.lang.Object: void <init>()>()
05-14 08:09:40.178  virtualinvoke $r3.<android.widget.RadioButton: void setOnCheckedChangeListener(android.widget.CompoundButton$OnCheckedChangeListener)>($r4)
05-14 08:09:40.178  specialinvoke $r6.<jf.andro.malcon15demo.Screen2$2: void <init>(jf.andro.malcon15demo.Screen2)>($r0)
05-14 08:09:40.178  specialinvoke $r0.<java.lang.Object: void <init>()>()
05-14 08:09:40.178  virtualinvoke $r5.<android.widget.Button: void setOnClickListener(android.view.View$OnClickListener)>($r6)
05-14 08:09:43.978  virtualinvoke $r4.<android.widget.Button: void setEnabled(boolean)>($z0)
05-14 08:09:45.918  virtualinvoke $r2.<android.telephony.SmsManager: void sendTextMessage(java.lang.String,java.lang.String,java.lang.String,android.app.PendingIntent,android.app.PendingIntent)>("+33-666-666", null, "Evil sms !", null, null)
05-14 08:09:45.950  virtualinvoke $r5.<android.widget.Toast: void show()>()
05-14 08:09:46.786  virtualinvoke $r2.<android.telephony.SmsManager: void sendTextMessage(java.lang.String,java.lang.String,java.lang.String,android.app.PendingIntent,android.app.PendingIntent)>("+33-666-666", null, "Evil sms !", null, null)
05-14 08:09:46.790  virtualinvoke $r5.<android.widget.Toast: void show()>()
05-14 08:09:47.506  virtualinvoke $r4.<android.widget.Button: void setEnabled(boolean)>($z0)
05-14 08:09:50.482  specialinvoke $r2.<android.content.Intent: void <init>(android.content.Context,java.lang.Class)>($r3, class "jf/andro/malcon15demo/Screen3")
05-14 08:09:50.482  virtualinvoke $r4.<jf.andro.malcon15demo.MainActivity: void startActivity(android.content.Intent)>($r2)
05-14 08:09:50.554  specialinvoke $r0.<android.app.Activity: void <init>()>()
05-14 08:09:50.554  specialinvoke $r0.<android.app.Activity: void onCreate(android.os.Bundle)>($r1)
05-14 08:09:50.554  virtualinvoke $r0.<jf.andro.malcon15demo.Screen3: void setContentView(int)>(2130968578)
05-14 08:09:55.682  specialinvoke $r0.<android.app.Activity: void <init>()>()
05-14 08:09:55.682  specialinvoke $r0.<android.app.Activity: void onCreate(android.os.Bundle)>($r1)
05-14 08:09:55.682  virtualinvoke $r0.<jf.andro.malcon15demo.MainActivity: void setContentView(int)>(2130968576)
05-14 08:09:55.682  specialinvoke $r4.<jf.andro.malcon15demo.MainActivity$1: void <init>(jf.andro.malcon15demo.MainActivity)>($r0)
05-14 08:09:55.682  specialinvoke $r0.<java.lang.Object: void <init>()>()
05-14 08:09:55.682  virtualinvoke $r3.<android.widget.Button: void setOnClickListener(android.view.View$OnClickListener)>($r4)
05-14 08:09:55.682  specialinvoke $r5.<jf.andro.malcon15demo.MainActivity$2: void <init>(jf.andro.malcon15demo.MainActivity)>($r0)
05-14 08:09:55.682  specialinvoke $r0.<java.lang.Object: void <init>()>()
05-14 08:09:55.682  virtualinvoke $r3.<android.widget.Button: void setOnClickListener(android.view.View$OnClickListener)>($r5)
05-14 08:09:56.638  specialinvoke $r2.<android.content.Intent: void <init>(android.content.Context,java.lang.Class)>($r3, class "jf/andro/malcon15demo/Screen2")
05-14 08:09:56.638  virtualinvoke $r4.<jf.andro.malcon15demo.MainActivity: void startActivity(android.content.Intent)>($r2)
05-14 08:09:56.654  specialinvoke $r0.<android.app.Activity: void <init>()>()
05-14 08:09:56.654  specialinvoke $r0.<android.app.Activity: void onCreate(android.os.Bundle)>($r1)
05-14 08:09:56.654  virtualinvoke $r0.<jf.andro.malcon15demo.Screen2: void setContentView(int)>(2130968577)
05-14 08:09:56.654  specialinvoke $r4.<jf.andro.malcon15demo.Screen2$1: void <init>(jf.andro.malcon15demo.Screen2)>($r0)
05-14 08:09:56.654  specialinvoke $r0.<java.lang.Object: void <init>()>()
05-14 08:09:56.654  virtualinvoke $r3.<android.widget.RadioButton: void setOnCheckedChangeListener(android.widget.CompoundButton$OnCheckedChangeListener)>($r4)
05-14 08:09:56.654  specialinvoke $r6.<jf.andro.malcon15demo.Screen2$2: void <init>(jf.andro.malcon15demo.Screen2)>($r0)
05-14 08:09:56.654  specialinvoke $r0.<java.lang.Object: void <init>()>()
05-14 08:09:56.654  virtualinvoke $r5.<android.widget.Button: void setOnClickListener(android.view.View$OnClickListener)>($r6)
05-14 08:09:58.102  virtualinvoke $r4.<android.widget.Button: void setEnabled(boolean)>($z0)
05-14 08:09:58.894  virtualinvoke $r4.<android.widget.Button: void setEnabled(boolean)>($z0)
05-14 08:09:59.686  virtualinvoke $r4.<android.widget.Button: void setEnabled(boolean)>($z0)
