05-14 08:09:02.798  specialinvoke $r0.<android.app.Activity: void <init>()>()
05-14 08:09:02.802  specialinvoke $r0.<android.app.Activity: void onCreate(android.os.Bundle)>($r1)
05-14 08:09:02.802  virtualinvoke $r0.<jf.andro.malcon15demo.MainActivity: void setContentView(int)>(2130968576)
05-14 08:09:02.862  specialinvoke $r4.<jf.andro.malcon15demo.MainActivity$1: void <init>(jf.andro.malcon15demo.MainActivity)>($r0)
05-14 08:09:02.862  specialinvoke $r0.<java.lang.Object: void <init>()>()
05-14 08:09:02.862  virtualinvoke $r3.<android.widget.Button: void setOnClickListener(android.view.View$OnClickListener)>($r4)
05-14 08:09:02.862  specialinvoke $r5.<jf.andro.malcon15demo.MainActivity$2: void <init>(jf.andro.malcon15demo.MainActivity)>($r0)
05-14 08:09:02.862  specialinvoke $r0.<java.lang.Object: void <init>()>()
05-14 08:09:02.862  virtualinvoke $r3.<android.widget.Button: void setOnClickListener(android.view.View$OnClickListener)>($r5)
05-14 08:09:07.494  specialinvoke $r2.<android.content.Intent: void <init>(android.content.Context,java.lang.Class)>($r3, class "jf/andro/malcon15demo/Screen3")
05-14 08:09:07.494  virtualinvoke $r4.<jf.andro.malcon15demo.MainActivity: void startActivity(android.content.Intent)>($r2)
05-14 08:09:07.522  specialinvoke $r0.<android.app.Activity: void <init>()>()
05-14 08:09:07.522  specialinvoke $r0.<android.app.Activity: void onCreate(android.os.Bundle)>($r1)
05-14 08:09:07.522  virtualinvoke $r0.<jf.andro.malcon15demo.Screen3: void setContentView(int)>(2130968578)
05-14 08:09:11.918  specialinvoke $r2.<android.content.Intent: void <init>(android.content.Context,java.lang.Class)>($r3, class "jf/andro/malcon15demo/Screen2")
05-14 08:09:11.918  virtualinvoke $r4.<jf.andro.malcon15demo.MainActivity: void startActivity(android.content.Intent)>($r2)
05-14 08:09:11.938  specialinvoke $r0.<android.app.Activity: void <init>()>()
05-14 08:09:11.938  specialinvoke $r0.<android.app.Activity: void onCreate(android.os.Bundle)>($r1)
05-14 08:09:11.938  virtualinvoke $r0.<jf.andro.malcon15demo.Screen2: void setContentView(int)>(2130968577)
05-14 08:09:11.954  specialinvoke $r4.<jf.andro.malcon15demo.Screen2$1: void <init>(jf.andro.malcon15demo.Screen2)>($r0)
05-14 08:09:11.954  specialinvoke $r0.<java.lang.Object: void <init>()>()
05-14 08:09:11.954  virtualinvoke $r3.<android.widget.RadioButton: void setOnCheckedChangeListener(android.widget.CompoundButton$OnCheckedChangeListener)>($r4)
05-14 08:09:11.958  specialinvoke $r6.<jf.andro.malcon15demo.Screen2$2: void <init>(jf.andro.malcon15demo.Screen2)>($r0)
05-14 08:09:11.958  specialinvoke $r0.<java.lang.Object: void <init>()>()
05-14 08:09:11.958  virtualinvoke $r5.<android.widget.Button: void setOnClickListener(android.view.View$OnClickListener)>($r6)
05-14 08:09:15.578  virtualinvoke $r4.<android.widget.Button: void setEnabled(boolean)>($z0)
05-14 08:09:16.378  virtualinvoke $r2.<android.telephony.SmsManager: void sendTextMessage(java.lang.String,java.lang.String,java.lang.String,android.app.PendingIntent,android.app.PendingIntent)>("+33-666-666", null, "Evil sms !", null, null)
05-14 08:09:16.382  virtualinvoke $r5.<android.widget.Toast: void show()>()
05-14 08:09:17.886  virtualinvoke $r4.<android.widget.Button: void setEnabled(boolean)>($z0)
05-14 08:09:21.286  specialinvoke $r0.<android.app.Activity: void <init>()>()
05-14 08:09:21.286  specialinvoke $r0.<android.app.Activity: void onCreate(android.os.Bundle)>($r1)
05-14 08:09:21.286  virtualinvoke $r0.<jf.andro.malcon15demo.MainActivity: void setContentView(int)>(2130968576)
05-14 08:09:21.290  specialinvoke $r4.<jf.andro.malcon15demo.MainActivity$1: void <init>(jf.andro.malcon15demo.MainActivity)>($r0)
05-14 08:09:21.290  specialinvoke $r0.<java.lang.Object: void <init>()>()
05-14 08:09:21.290  virtualinvoke $r3.<android.widget.Button: void setOnClickListener(android.view.View$OnClickListener)>($r4)
05-14 08:09:21.290  specialinvoke $r5.<jf.andro.malcon15demo.MainActivity$2: void <init>(jf.andro.malcon15demo.MainActivity)>($r0)
05-14 08:09:21.290  specialinvoke $r0.<java.lang.Object: void <init>()>()
05-14 08:09:21.290  virtualinvoke $r3.<android.widget.Button: void setOnClickListener(android.view.View$OnClickListener)>($r5)
05-14 08:09:22.162  specialinvoke $r2.<android.content.Intent: void <init>(android.content.Context,java.lang.Class)>($r3, class "jf/andro/malcon15demo/Screen2")
05-14 08:09:22.162  virtualinvoke $r4.<jf.andro.malcon15demo.MainActivity: void startActivity(android.content.Intent)>($r2)
05-14 08:09:22.178  specialinvoke $r0.<android.app.Activity: void <init>()>()
05-14 08:09:22.178  specialinvoke $r0.<android.app.Activity: void onCreate(android.os.Bundle)>($r1)
05-14 08:09:22.178  virtualinvoke $r0.<jf.andro.malcon15demo.Screen2: void setContentView(int)>(2130968577)
05-14 08:09:22.178  specialinvoke $r4.<jf.andro.malcon15demo.Screen2$1: void <init>(jf.andro.malcon15demo.Screen2)>($r0)
05-14 08:09:22.178  specialinvoke $r0.<java.lang.Object: void <init>()>()
05-14 08:09:22.178  virtualinvoke $r3.<android.widget.RadioButton: void setOnCheckedChangeListener(android.widget.CompoundButton$OnCheckedChangeListener)>($r4)
05-14 08:09:22.178  specialinvoke $r6.<jf.andro.malcon15demo.Screen2$2: void <init>(jf.andro.malcon15demo.Screen2)>($r0)
05-14 08:09:22.178  specialinvoke $r0.<java.lang.Object: void <init>()>()
05-14 08:09:22.178  virtualinvoke $r5.<android.widget.Button: void setOnClickListener(android.view.View$OnClickListener)>($r6)
05-14 08:09:23.590  virtualinvoke $r4.<android.widget.Button: void setEnabled(boolean)>($z0)
05-14 08:09:24.714  virtualinvoke $r2.<android.telephony.SmsManager: void sendTextMessage(java.lang.String,java.lang.String,java.lang.String,android.app.PendingIntent,android.app.PendingIntent)>("+33-666-666", null, "Evil sms !", null, null)
05-14 08:09:24.718  virtualinvoke $r5.<android.widget.Toast: void show()>()
05-14 08:09:25.482  virtualinvoke $r4.<android.widget.Button: void setEnabled(boolean)>($z0)
05-14 08:09:26.306  virtualinvoke $r4.<android.widget.Button: void setEnabled(boolean)>($z0)
